<?xml version="1.0" encoding="UTF-8"?>
<testng-results skipped="0" failed="0" ignored="0" total="2" passed="2">
  <reporter-output>
  </reporter-output>
  <suite name="Suite" duration-ms="58497" started-at="2020-02-21T13:04:02 EST" finished-at="2020-02-21T13:05:00 EST">
    <groups>
      <group name="smoke">
        <method signature="managepayments.payments()[pri:0, instance:JCpenny.TestNG_Project.managepayments@e320068]" name="payments" class="JCpenny.TestNG_Project.managepayments"/>
      </group> <!-- smoke -->
    </groups>
    <test name="Loginpage validation" duration-ms="36227" started-at="2020-02-21T13:04:02 EST" finished-at="2020-02-21T13:04:38 EST">
      <class name="JCpenny.TestNG_Project.Login">
        <test-method status="PASS" signature="initilizingbrowser()[pri:0, instance:JCpenny.TestNG_Project.Login@3fd7a715]" name="initilizingbrowser" is-config="true" duration-ms="24559" started-at="2020-02-21T13:04:02 EST" finished-at="2020-02-21T13:04:26 EST">
          <reporter-output>
          </reporter-output>
        </test-method> <!-- initilizingbrowser -->
        <test-method status="PASS" signature="home()[pri:0, instance:JCpenny.TestNG_Project.Login@3fd7a715]" name="home" duration-ms="9485" started-at="2020-02-21T13:04:26 EST" finished-at="2020-02-21T13:04:36 EST">
          <reporter-output>
          </reporter-output>
        </test-method> <!-- home -->
        <test-method status="PASS" signature="closing()[pri:0, instance:JCpenny.TestNG_Project.Login@3fd7a715]" name="closing" is-config="true" duration-ms="2099" started-at="2020-02-21T13:04:36 EST" finished-at="2020-02-21T13:04:38 EST">
          <reporter-output>
          </reporter-output>
        </test-method> <!-- closing -->
      </class> <!-- JCpenny.TestNG_Project.Login -->
    </test> <!-- Loginpage validation -->
    <test name="paymentvalidation" duration-ms="22189" started-at="2020-02-21T13:04:38 EST" finished-at="2020-02-21T13:05:00 EST">
      <class name="JCpenny.TestNG_Project.managepayments">
        <test-method status="PASS" signature="initilizingbrowser()[pri:0, instance:JCpenny.TestNG_Project.managepayments@e320068]" name="initilizingbrowser" is-config="true" duration-ms="9283" started-at="2020-02-21T13:04:38 EST" finished-at="2020-02-21T13:04:47 EST">
          <reporter-output>
          </reporter-output>
        </test-method> <!-- initilizingbrowser -->
        <test-method status="PASS" signature="payments()[pri:0, instance:JCpenny.TestNG_Project.managepayments@e320068]" name="payments" duration-ms="12751" started-at="2020-02-21T13:04:47 EST" finished-at="2020-02-21T13:05:00 EST">
          <reporter-output>
          </reporter-output>
        </test-method> <!-- payments -->
        <test-method status="PASS" signature="closing()[pri:0, instance:JCpenny.TestNG_Project.managepayments@e320068]" name="closing" is-config="true" duration-ms="151" started-at="2020-02-21T13:05:00 EST" finished-at="2020-02-21T13:05:00 EST">
          <reporter-output>
          </reporter-output>
        </test-method> <!-- closing -->
      </class> <!-- JCpenny.TestNG_Project.managepayments -->
    </test> <!-- paymentvalidation -->
  </suite> <!-- Suite -->
</testng-results>
